  Source.cpp
C:\Users\user\source\repos\C++OOPRestaurantApplication\C++OOPRestaurantApplication\Source.cpp(208,14): warning C4244: 'argument': conversion from 'double' to 'const int', possible loss of data
C:\Users\user\source\repos\C++OOPRestaurantApplication\C++OOPRestaurantApplication\Source.cpp(210,14): warning C4244: 'argument': conversion from 'double' to 'const int', possible loss of data
C:\Users\user\source\repos\C++OOPRestaurantApplication\C++OOPRestaurantApplication\Source.cpp(235,13): warning C4267: '=': conversion from 'size_t' to 'int', possible loss of data
C:\Users\user\source\repos\C++OOPRestaurantApplication\C++OOPRestaurantApplication\Source.cpp(322,14): warning C4244: 'argument': conversion from 'double' to 'const int', possible loss of data
C:\Users\user\source\repos\C++OOPRestaurantApplication\C++OOPRestaurantApplication\Source.cpp(324,14): warning C4244: 'argument': conversion from 'double' to 'const int', possible loss of data
C:\Users\user\source\repos\C++OOPRestaurantApplication\C++OOPRestaurantApplication\Source.cpp(375,14): warning C4244: 'argument': conversion from 'double' to 'const int', possible loss of data
C:\Users\user\source\repos\C++OOPRestaurantApplication\C++OOPRestaurantApplication\Source.cpp(377,14): warning C4244: 'argument': conversion from 'double' to 'const int', possible loss of data
C:\Users\user\source\repos\C++OOPRestaurantApplication\C++OOPRestaurantApplication\Source.cpp(401,13): warning C4267: '=': conversion from 'size_t' to 'int', possible loss of data
C:\Users\user\source\repos\C++OOPRestaurantApplication\C++OOPRestaurantApplication\Source.cpp(465,14): warning C4244: 'argument': conversion from 'double' to 'const int', possible loss of data
C:\Users\user\source\repos\C++OOPRestaurantApplication\C++OOPRestaurantApplication\Source.cpp(467,14): warning C4244: 'argument': conversion from 'double' to 'const int', possible loss of data
C:\Users\user\source\repos\C++OOPRestaurantApplication\C++OOPRestaurantApplication\Source.cpp(575,14): warning C4244: 'argument': conversion from 'double' to 'const int', possible loss of data
C:\Users\user\source\repos\C++OOPRestaurantApplication\C++OOPRestaurantApplication\Source.cpp(577,14): warning C4244: 'argument': conversion from 'double' to 'const int', possible loss of data
C:\Users\user\source\repos\C++OOPRestaurantApplication\C++OOPRestaurantApplication\Source.cpp(666,13): warning C4244: 'argument': conversion from 'double' to 'const int', possible loss of data
C:\Users\user\source\repos\C++OOPRestaurantApplication\C++OOPRestaurantApplication\Source.cpp(668,13): warning C4244: 'argument': conversion from 'double' to 'const int', possible loss of data
C:\Users\user\source\repos\C++OOPRestaurantApplication\C++OOPRestaurantApplication\Source.cpp(674,13): warning C4244: 'argument': conversion from 'double' to 'const int', possible loss of data
C:\Users\user\source\repos\C++OOPRestaurantApplication\C++OOPRestaurantApplication\Source.cpp(676,13): warning C4244: 'argument': conversion from 'double' to 'const int', possible loss of data
C:\Users\user\source\repos\C++OOPRestaurantApplication\C++OOPRestaurantApplication\Source.cpp(686,13): warning C4244: 'argument': conversion from 'double' to 'const int', possible loss of data
C:\Users\user\source\repos\C++OOPRestaurantApplication\C++OOPRestaurantApplication\Source.cpp(688,13): warning C4244: 'argument': conversion from 'double' to 'const int', possible loss of data
C:\Users\user\source\repos\C++OOPRestaurantApplication\C++OOPRestaurantApplication\Source.cpp(698,13): warning C4244: 'argument': conversion from 'double' to 'const int', possible loss of data
C:\Users\user\source\repos\C++OOPRestaurantApplication\C++OOPRestaurantApplication\Source.cpp(700,13): warning C4244: 'argument': conversion from 'double' to 'const int', possible loss of data
C:\Users\user\source\repos\C++OOPRestaurantApplication\C++OOPRestaurantApplication\Source.cpp(715,13): warning C4326: return type of 'main' should be 'int' instead of 'void'
C:\Users\user\source\repos\C++OOPRestaurantApplication\C++OOPRestaurantApplication\Source.cpp(744,15): warning C4244: 'argument': conversion from 'double' to 'const int', possible loss of data
C:\Users\user\source\repos\C++OOPRestaurantApplication\C++OOPRestaurantApplication\Source.cpp(752,15): warning C4244: 'argument': conversion from 'double' to 'const int', possible loss of data
C:\Users\user\source\repos\C++OOPRestaurantApplication\C++OOPRestaurantApplication\Source.cpp(899,16): warning C4244: 'argument': conversion from 'double' to 'const int', possible loss of data
C:\Users\user\source\repos\C++OOPRestaurantApplication\C++OOPRestaurantApplication\Source.cpp(901,16): warning C4244: 'argument': conversion from 'double' to 'const int', possible loss of data
C:\Users\user\source\repos\C++OOPRestaurantApplication\C++OOPRestaurantApplication\Source.cpp(988,16): warning C4244: 'argument': conversion from 'double' to 'const int', possible loss of data
C:\Users\user\source\repos\C++OOPRestaurantApplication\C++OOPRestaurantApplication\Source.cpp(990,16): warning C4244: 'argument': conversion from 'double' to 'const int', possible loss of data
C:\Users\user\source\repos\C++OOPRestaurantApplication\C++OOPRestaurantApplication\Source.cpp(995,16): warning C4244: 'argument': conversion from 'double' to 'const int', possible loss of data
C:\Users\user\source\repos\C++OOPRestaurantApplication\C++OOPRestaurantApplication\Source.cpp(997,16): warning C4244: 'argument': conversion from 'double' to 'const int', possible loss of data
  C++OOPRestaurantApplication.vcxproj -> C:\Users\user\source\repos\C++OOPRestaurantApplication\x64\Debug\C++OOPRestaurantApplication.exe
